# JRE version: 7.0_11-b21
# Java VM: Java HotSpot(TM) 64-Bit Server VM (23.6-b04 mixed mode windows-amd64 compressed oops)
Heap
 PSYoungGen      total 90304K, used 1454K [0x00000000fa000000, 0x0000000100000000, 0x0000000100000000)
  eden space 82688K, 1% used [0x00000000fa000000,0x00000000fa16bad8,0x00000000ff0c0000)
  from space 7616K, 0% used [0x00000000ff0c0000,0x00000000ff0c0000,0x00000000ff830000)
  to   space 7552K, 0% used [0x00000000ff8a0000,0x00000000ff8a0000,0x0000000100000000)
 ParOldGen       total 72128K, used 39374K [0x00000000e8000000, 0x00000000ec670000, 0x00000000fa000000)
  object space 72128K, 54% used [0x00000000e8000000,0x00000000ea673b10,0x00000000ec670000)
 PSPermGen       total 95744K, used 47852K [0x00000000e0000000, 0x00000000e5d80000, 0x00000000e8000000)
  object space 95744K, 49% used [0x00000000e0000000,0x00000000e2ebb200,0x00000000e5d80000)
GC Heap History (10 events):
Event: 11.468 GC heap before
{Heap before GC invocations=18 (full 0):
 PSYoungGen      total 91520K, used 88675K [0x00000000fa000000, 0x00000000fff70000, 0x0000000100000000)
  eden space 85440K, 100% used [0x00000000fa000000,0x00000000ff370000,0x00000000ff370000)
  from space 6080K, 53% used [0x00000000ff370000,0x00000000ff698e78,0x00000000ff960000)
  to   space 5824K, 0% used [0x00000000ff9c0000,0x00000000ff9c0000,0x00000000fff70000)
 ParOldGen       total 49152K, used 24634K [0x00000000e8000000, 0x00000000eb000000, 0x00000000fa000000)
  object space 49152K, 50% used [0x00000000e8000000,0x00000000e980e920,0x00000000eb000000)
 PSPermGen       total 42560K, used 42507K [0x00000000e0000000, 0x00000000e2990000, 0x00000000e8000000)
  object space 42560K, 99% used [0x00000000e0000000,0x00000000e2982f40,0x00000000e2990000)
Event: 11.473 GC heap after
Heap after GC invocations=18 (full 0):
 PSYoungGen      total 92032K, used 3624K [0x00000000fa000000, 0x00000000fff80000, 0x0000000100000000)
  eden space 86208K, 0% used [0x00000000fa000000,0x00000000fa000000,0x00000000ff430000)
  from space 5824K, 62% used [0x00000000ff9c0000,0x00000000ffd4a0c8,0x00000000fff70000)
  to   space 5696K, 0% used [0x00000000ff430000,0x00000000ff430000,0x00000000ff9c0000)
 ParOldGen       total 49152K, used 25858K [0x00000000e8000000, 0x00000000eb000000, 0x00000000fa000000)
  object space 49152K, 52% used [0x00000000e8000000,0x00000000e9940940,0x00000000eb000000)
 PSPermGen       total 42560K, used 42507K [0x00000000e0000000, 0x00000000e2990000, 0x00000000e8000000)
  object space 42560K, 99% used [0x00000000e0000000,0x00000000e2982f40,0x00000000e2990000)
}
Event: 12.068 GC heap before
{Heap before GC invocations=19 (full 0):
 PSYoungGen      total 92032K, used 89832K [0x00000000fa000000, 0x00000000fff80000, 0x0000000100000000)
  eden space 86208K, 100% used [0x00000000fa000000,0x00000000ff430000,0x00000000ff430000)
  from space 5824K, 62% used [0x00000000ff9c0000,0x00000000ffd4a0c8,0x00000000fff70000)
  to   space 5696K, 0% used [0x00000000ff430000,0x00000000ff430000,0x00000000ff9c0000)
 ParOldGen       total 49152K, used 25858K [0x00000000e8000000, 0x00000000eb000000, 0x00000000fa000000)
  object space 49152K, 52% used [0x00000000e8000000,0x00000000e9940940,0x00000000eb000000)
 PSPermGen       total 45248K, used 45076K [0x00000000e0000000, 0x00000000e2c30000, 0x00000000e8000000)
  object space 45248K, 99% used [0x00000000e0000000,0x00000000e2c052d8,0x00000000e2c30000)
Event: 12.073 GC heap after
Heap after GC invocations=19 (full 0):
 PSYoungGen      total 91904K, used 3715K [0x00000000fa000000, 0x00000000fffa0000, 0x0000000100000000)
  eden space 86208K, 0% used [0x00000000fa000000,0x00000000fa000000,0x00000000ff430000)
  from space 5696K, 65% used [0x00000000ff430000,0x00000000ff7d0cc0,0x00000000ff9c0000)
  to   space 5568K, 0% used [0x00000000ffa30000,0x00000000ffa30000,0x00000000fffa0000)
 ParOldGen       total 49152K, used 27002K [0x00000000e8000000, 0x00000000eb000000, 0x00000000fa000000)
  object space 49152K, 54% used [0x00000000e8000000,0x00000000e9a5e980,0x00000000eb000000)
 PSPermGen       total 45248K, used 45076K [0x00000000e0000000, 0x00000000e2c30000, 0x00000000e8000000)
  object space 45248K, 99% used [0x00000000e0000000,0x00000000e2c052d8,0x00000000e2c30000)
}
Event: 13.236 GC heap before
{Heap before GC invocations=20 (full 0):
 PSYoungGen      total 91904K, used 89923K [0x00000000fa000000, 0x00000000fffa0000, 0x0000000100000000)
  eden space 86208K, 100% used [0x00000000fa000000,0x00000000ff430000,0x00000000ff430000)
  from space 5696K, 65% used [0x00000000ff430000,0x00000000ff7d0cc0,0x00000000ff9c0000)
  to   space 5568K, 0% used [0x00000000ffa30000,0x00000000ffa30000,0x00000000fffa0000)
 ParOldGen       total 49152K, used 27002K [0x00000000e8000000, 0x00000000eb000000, 0x00000000fa000000)
  object space 49152K, 54% used [0x00000000e8000000,0x00000000e9a5e980,0x00000000eb000000)
 PSPermGen       total 47552K, used 47394K [0x00000000e0000000, 0x00000000e2e70000, 0x00000000e8000000)
  object space 47552K, 99% used [0x00000000e0000000,0x00000000e2e48880,0x00000000e2e70000)
Event: 13.245 GC heap after
Heap after GC invocations=20 (full 0):
 PSYoungGen      total 88064K, used 5568K [0x00000000fa000000, 0x00000000fffa0000, 0x0000000100000000)
  eden space 82496K, 0% used [0x00000000fa000000,0x00000000fa000000,0x00000000ff090000)
  from space 5568K, 100% used [0x00000000ffa30000,0x00000000fffa0000,0x00000000fffa0000)
  to   space 7616K, 0% used [0x00000000ff0c0000,0x00000000ff0c0000,0x00000000ff830000)
 ParOldGen       total 49152K, used 30932K [0x00000000e8000000, 0x00000000eb000000, 0x00000000fa000000)
  object space 49152K, 62% used [0x00000000e8000000,0x00000000e9e353f0,0x00000000eb000000)
 PSPermGen       total 47552K, used 47394K [0x00000000e0000000, 0x00000000e2e70000, 0x00000000e8000000)
  object space 47552K, 99% used [0x00000000e0000000,0x00000000e2e48880,0x00000000e2e70000)
}
Event: 13.794 GC heap before
{Heap before GC invocations=21 (full 0):
 PSYoungGen      total 88064K, used 88064K [0x00000000fa000000, 0x00000000fffa0000, 0x0000000100000000)
  eden space 82496K, 100% used [0x00000000fa000000,0x00000000ff090000,0x00000000ff090000)
  from space 5568K, 100% used [0x00000000ffa30000,0x00000000fffa0000,0x00000000fffa0000)
  to   space 7616K, 0% used [0x00000000ff0c0000,0x00000000ff0c0000,0x00000000ff830000)
 ParOldGen       total 49152K, used 30932K [0x00000000e8000000, 0x00000000eb000000, 0x00000000fa000000)
  object space 49152K, 62% used [0x00000000e8000000,0x00000000e9e353f0,0x00000000eb000000)
 PSPermGen       total 47936K, used 47871K [0x00000000e0000000, 0x00000000e2ed0000, 0x00000000e8000000)
  object space 47936K, 99% used [0x00000000e0000000,0x00000000e2ebfd98,0x00000000e2ed0000)
Event: 13.807 GC heap after
Heap after GC invocations=21 (full 0):
 PSYoungGen      total 90304K, used 2432K [0x00000000fa000000, 0x0000000100000000, 0x0000000100000000)
  eden space 82688K, 0% used [0x00000000fa000000,0x00000000fa000000,0x00000000ff0c0000)
  from space 7616K, 31% used [0x00000000ff0c0000,0x00000000ff3200a0,0x00000000ff830000)
  to   space 7552K, 0% used [0x00000000ff8a0000,0x00000000ff8a0000,0x0000000100000000)
 ParOldGen       total 64512K, used 58941K [0x00000000e8000000, 0x00000000ebf00000, 0x00000000fa000000)
  object space 64512K, 91% used [0x00000000e8000000,0x00000000eb98f650,0x00000000ebf00000)
 PSPermGen       total 47936K, used 47871K [0x00000000e0000000, 0x00000000e2ed0000, 0x00000000e8000000)
  object space 47936K, 99% used [0x00000000e0000000,0x00000000e2ebfd98,0x00000000e2ed0000)
}
Event: 13.808 GC heap before
{Heap before GC invocations=22 (full 1):
 PSYoungGen      total 90304K, used 2432K [0x00000000fa000000, 0x0000000100000000, 0x0000000100000000)
  eden space 82688K, 0% used [0x00000000fa000000,0x00000000fa000000,0x00000000ff0c0000)
  from space 7616K, 31% used [0x00000000ff0c0000,0x00000000ff3200a0,0x00000000ff830000)
  to   space 7552K, 0% used [0x00000000ff8a0000,0x00000000ff8a0000,0x0000000100000000)
 ParOldGen       total 64512K, used 58941K [0x00000000e8000000, 0x00000000ebf00000, 0x00000000fa000000)
  object space 64512K, 91% used [0x00000000e8000000,0x00000000eb98f650,0x00000000ebf00000)
 PSPermGen       total 47936K, used 47871K [0x00000000e0000000, 0x00000000e2ed0000, 0x00000000e8000000)
  object space 47936K, 99% used [0x00000000e0000000,0x00000000e2ebfd98,0x00000000e2ed0000)
Event: 14.027 GC heap after
Heap after GC invocations=22 (full 1):
 PSYoungGen      total 90304K, used 0K [0x00000000fa000000, 0x0000000100000000, 0x0000000100000000)
  eden space 82688K, 0% used [0x00000000fa000000,0x00000000fa000000,0x00000000ff0c0000)
  from space 7616K, 0% used [0x00000000ff0c0000,0x00000000ff0c0000,0x00000000ff830000)
  to   space 7552K, 0% used [0x00000000ff8a0000,0x00000000ff8a0000,0x0000000100000000)
 ParOldGen       total 72128K, used 39374K [0x00000000e8000000, 0x00000000ec670000, 0x00000000fa000000)
  object space 72128K, 54% used [0x00000000e8000000,0x00000000ea673b10,0x00000000ec670000)
 PSPermGen       total 95744K, used 47852K [0x00000000e0000000, 0x00000000e5d80000, 0x00000000e8000000)
  object space 95744K, 49% used [0x00000000e0000000,0x00000000e2ebb020,0x00000000e5d80000)
}

